[INFO] 20:11:18:252 tp0/(25384:25384): mensaje_a_enviar
[INFO] 20:11:38:627 tp0/(25487:25487): soy un log
[INFO] 20:17:19:108 tp0/(26689:26689): soy un log
[INFO] 20:39:03:302 tp0/(31765:31765): soy un log
[INFO] 20:39:03:313 tp0/(31765:31765): Hola, soy un valor
[INFO] 20:49:47:662 tp0/(1813:1813): soy un log
[INFO] 20:49:47:669 tp0/(1813:1813): Hola, soy un valor
[INFO] 20:49:55:468 tp0/(1813:1813): jota
[INFO] 20:49:55:468 tp0/(1813:1813): 
[INFO] 20:51:41:270 tp0/(2332:2332): soy un log
[INFO] 20:51:41:286 tp0/(2332:2332): Hola, soy un valor
[INFO] 20:54:42:774 tp0/(2882:2882): soy un log
[INFO] 20:54:42:795 tp0/(2882:2882): Hola, soy un valor
[INFO] 20:54:50:246 tp0/(2882:2882): fafa
[INFO] 20:54:50:248 tp0/(2882:2882): 
[INFO] 20:56:26:581 tp0/(3209:3209): soy un log
[INFO] 20:56:26:598 tp0/(3209:3209): Hola, soy un valor
[INFO] 20:56:28:776 tp0/(3209:3209): fafa
[INFO] 20:56:31:047 tp0/(3209:3209): fafona
[INFO] 00:56:20:468 tp0/(7799:7799): Hola, soy un valor
[INFO] 00:59:39:295 tp0/(8182:8182): Hola, soy un valor
[INFO] 01:00:07:485 tp0/(8244:8244): Hola, soy un valor
[INFO] 01:02:27:138 tp0/(8523:8523): Hola, soy un valor
[INFO] 18:47:46:644 tp0/(4848:4848): Hola, soy un valor
[INFO] 18:48:04:600 tp0/(4894:4894): Hola, soy un valor
[INFO] 18:56:23:301 tp0/(5378:5378): Hola, soy un valor
[INFO] 18:56:46:150 tp0/(5417:5417): Hola, soy un valor
[INFO] 20:05:03:967 tp0/(11249:11249): Hola, soy un valor
[INFO] 20:05:43:133 tp0/(11319:11319): Hola, soy un valor
[INFO] 20:05:53:304 tp0/(11319:11319): lee la consola
[INFO] 20:05:58:208 tp0/(11319:11319): re piola
[INFO] 20:05:59:337 tp0/(11319:11319): leee
[INFO] 20:06:10:303 tp0/(11319:11319): nos vimos logger!
[INFO] 20:19:44:483 tp0/(12323:12323): Hola, soy un valor
[INFO] 20:19:47:723 tp0/(12323:12323): si
[INFO] 20:20:49:523 tp0/(12408:12408): Hola, soy un valor
[INFO] 20:21:09:726 tp0/(12446:12446): Hola, soy un valor
[INFO] 20:21:20:344 tp0/(12476:12476): Hola, soy un valor
[INFO] 20:27:19:512 tp0/(13037:13037): Hola, soy un valor
[INFO] 20:29:19:386 tp0/(13162:13162): Hola, soy un valor
[INFO] 20:29:38:278 tp0/(13203:13203): Hola, soy un valor
[INFO] 20:30:03:206 tp0/(13363:13363): Hola, soy un valor
[INFO] 20:30:17:802 tp0/(13461:13461): Hola, soy un valor
[INFO] 20:30:29:461 tp0/(13490:13490): Hola, soy un valor
[INFO] 20:30:53:813 tp0/(13541:13541): Hola, soy un valor
[INFO] 20:31:11:000 tp0/(13578:13578): Hola, soy un valor
[INFO] 20:31:39:431 tp0/(13630:13630): Hola, soy un valor
[INFO] 10:03:17:984 tp0/(11525:11525): Hola, soy un valor
[INFO] 10:03:53:477 tp0/(11640:11640): Hola, soy un valor
[INFO] 10:04:01:066 tp0/(11659:11659): Hola, soy un valor
[INFO] 10:57:37:817 tp0/(15942:15942): Hola, soy un valor
[INFO] 10:57:44:133 tp0/(15958:15958): Hola, soy un valor
[INFO] 18:29:47:868 tp0/(7667:7667): Hola, soy un valor
[INFO] 18:32:02:12 tp0/(7745:7745): Hola, soy un valor
[INFO] 18:32:26:171 tp0/(7754:7754): Hola, soy un valor
[INFO] 20:05:21:474 tp0/(10690:10690): Hola, soy un valor
[INFO] 20:05:35:637 tp0/(10700:10700): Hola, soy un valor
[INFO] 20:06:05:489 tp0/(10727:10727): Hola, soy un valor
[INFO] 20:06:10:977 tp0/(10735:10735): Hola, soy un valor
[INFO] 20:08:09:705 tp0/(11197:11197): Hola, soy un valor
[INFO] 20:08:36:327 tp0/(11216:11216): Hola, soy un valor
[INFO] 20:09:34:845 tp0/(11629:11629): Hola, soy un valor
[INFO] 20:09:39:845 tp0/(11638:11638): Hola, soy un valor
[INFO] 20:10:07:900 tp0/(11659:11659): Hola, soy un valor
[INFO] 20:13:00:613 tp0/(12112:12112): Hola, soy un valor
[INFO] 20:13:04:965 tp0/(12122:12122): Hola, soy un valor
[INFO] 20:15:14:283 tp0/(12563:12563): Hola, soy un valor
[INFO] 20:15:21:636 tp0/(12580:12580): Hola, soy un valor
